  [1m[36m (3.2ms)[0m  [1mCREATE TABLE "schema_migrations" ("version" varchar NOT NULL) [0m
  [1m[35m (3.3ms)[0m  select sqlite_version(*)
  [1m[36m (3.4ms)[0m  [1mCREATE UNIQUE INDEX "unique_schema_migrations" ON "schema_migrations" ("version")[0m
  [1m[35mActiveRecord::SchemaMigration Load (0.2ms)[0m  SELECT "schema_migrations".* FROM "schema_migrations"
Migrating to CreatePins (20140923164839)
  [1m[36m (0.2ms)[0m  [1mbegin transaction[0m
DEPRECATION WARNING: `#timestamps` was called without specifying an option for `null`. In Rails 5, this behavior will change to `null: false`. You should manually specify `null: true` to prevent the behavior of your existing migrations from changing. (called from block in change at /Users/andrewpitzer/Desktop/pinit/db/migrate/20140923164839_create_pins.rb:7)
  [1m[35m (0.6ms)[0m  CREATE TABLE "pins" ("id" INTEGER PRIMARY KEY AUTOINCREMENT NOT NULL, "title" varchar, "description" text, "created_at" datetime, "updated_at" datetime) 
  [1m[36mSQL (0.3ms)[0m  [1mINSERT INTO "schema_migrations" ("version") VALUES (?)[0m  [["version", "20140923164839"]]
  [1m[35m (2.8ms)[0m  commit transaction
Migrating to DeviseCreateUsers (20140923174009)
  [1m[36m (0.1ms)[0m  [1mbegin transaction[0m
DEPRECATION WARNING: `#timestamps` was called without specifying an option for `null`. In Rails 5, this behavior will change to `null: false`. You should manually specify `null: true` to prevent the behavior of your existing migrations from changing. (called from block in change at /Users/andrewpitzer/Desktop/pinit/db/migrate/20140923174009_devise_create_users.rb:34)
  [1m[35m (0.6ms)[0m  CREATE TABLE "users" ("id" INTEGER PRIMARY KEY AUTOINCREMENT NOT NULL, "email" varchar DEFAULT '' NOT NULL, "encrypted_password" varchar DEFAULT '' NOT NULL, "reset_password_token" varchar, "reset_password_sent_at" datetime, "remember_created_at" datetime, "sign_in_count" integer DEFAULT 0 NOT NULL, "current_sign_in_at" datetime, "last_sign_in_at" datetime, "current_sign_in_ip" varchar, "last_sign_in_ip" varchar, "created_at" datetime, "updated_at" datetime) 
  [1m[36m (0.6ms)[0m  [1mCREATE UNIQUE INDEX "index_users_on_email" ON "users" ("email")[0m
  [1m[35m (0.2ms)[0m              SELECT sql
            FROM sqlite_master
            WHERE name='index_users_on_email' AND type='index'
            UNION ALL
            SELECT sql
            FROM sqlite_temp_master
            WHERE name='index_users_on_email' AND type='index'

  [1m[36m (0.2ms)[0m  [1mCREATE UNIQUE INDEX "index_users_on_reset_password_token" ON "users" ("reset_password_token")[0m
  [1m[35mSQL (0.3ms)[0m  INSERT INTO "schema_migrations" ("version") VALUES (?)  [["version", "20140923174009"]]
  [1m[36m (3.4ms)[0m  [1mcommit transaction[0m
Migrating to AddUserIdToPins (20140923174605)
  [1m[35m (0.1ms)[0m  begin transaction
  [1m[36m (3.5ms)[0m  [1mALTER TABLE "pins" ADD "user_id" integer[0m
  [1m[35m (0.2ms)[0m  CREATE  INDEX "index_pins_on_user_id" ON "pins" ("user_id")
  [1m[36mSQL (0.2ms)[0m  [1mINSERT INTO "schema_migrations" ("version") VALUES (?)[0m  [["version", "20140923174605"]]
  [1m[35m (2.9ms)[0m  commit transaction
Migrating to AddAttachmentImageToPins (20140923184049)
  [1m[36m (0.1ms)[0m  [1mbegin transaction[0m
  [1m[35m (0.6ms)[0m  ALTER TABLE "pins" ADD "image_file_name" varchar
  [1m[36m (0.3ms)[0m  [1mALTER TABLE "pins" ADD "image_content_type" varchar[0m
  [1m[35m (0.2ms)[0m  ALTER TABLE "pins" ADD "image_file_size" integer
  [1m[36m (0.2ms)[0m  [1mALTER TABLE "pins" ADD "image_updated_at" datetime[0m
  [1m[35mSQL (0.2ms)[0m  INSERT INTO "schema_migrations" ("version") VALUES (?)  [["version", "20140923184049"]]
  [1m[36m (2.9ms)[0m  [1mcommit transaction[0m
Migrating to ActsAsVotableMigration (20140923230324)
  [1m[35m (0.1ms)[0m  begin transaction
DEPRECATION WARNING: `#timestamps` was called without specifying an option for `null`. In Rails 5, this behavior will change to `null: false`. You should manually specify `null: true` to prevent the behavior of your existing migrations from changing. (called from block in up at /Users/andrewpitzer/Desktop/pinit/db/migrate/20140923230324_acts_as_votable_migration.rb:12)
  [1m[36m (0.6ms)[0m  [1mCREATE TABLE "votes" ("id" INTEGER PRIMARY KEY AUTOINCREMENT NOT NULL, "votable_id" integer, "votable_type" varchar, "voter_id" integer, "voter_type" varchar, "vote_flag" boolean, "vote_scope" varchar, "vote_weight" integer, "created_at" datetime, "updated_at" datetime) [0m
  [1m[35m (0.2ms)[0m  CREATE  INDEX "index_votes_on_voter_id_and_voter_type_and_vote_scope" ON "votes" ("voter_id", "voter_type", "vote_scope")
  [1m[36m (0.1ms)[0m  [1m            SELECT sql
            FROM sqlite_master
            WHERE name='index_votes_on_voter_id_and_voter_type_and_vote_scope' AND type='index'
            UNION ALL
            SELECT sql
            FROM sqlite_temp_master
            WHERE name='index_votes_on_voter_id_and_voter_type_and_vote_scope' AND type='index'
[0m
  [1m[35m (0.2ms)[0m  CREATE  INDEX "index_votes_on_votable_id_and_votable_type_and_vote_scope" ON "votes" ("votable_id", "votable_type", "vote_scope")
  [1m[36mSQL (0.2ms)[0m  [1mINSERT INTO "schema_migrations" ("version") VALUES (?)[0m  [["version", "20140923230324"]]
  [1m[35m (3.0ms)[0m  commit transaction
  [1m[36mActiveRecord::SchemaMigration Load (0.2ms)[0m  [1mSELECT "schema_migrations".* FROM "schema_migrations"[0m
  [1m[35m (0.2ms)[0m              SELECT sql
            FROM sqlite_master
            WHERE name='index_pins_on_user_id' AND type='index'
            UNION ALL
            SELECT sql
            FROM sqlite_temp_master
            WHERE name='index_pins_on_user_id' AND type='index'

  [1m[36m (0.2ms)[0m  [1m            SELECT sql
            FROM sqlite_master
            WHERE name='index_users_on_reset_password_token' AND type='index'
            UNION ALL
            SELECT sql
            FROM sqlite_temp_master
            WHERE name='index_users_on_reset_password_token' AND type='index'
[0m
  [1m[35m (0.1ms)[0m              SELECT sql
            FROM sqlite_master
            WHERE name='index_users_on_email' AND type='index'
            UNION ALL
            SELECT sql
            FROM sqlite_temp_master
            WHERE name='index_users_on_email' AND type='index'

  [1m[36m (0.2ms)[0m  [1m            SELECT sql
            FROM sqlite_master
            WHERE name='index_votes_on_votable_id_and_votable_type_and_vote_scope' AND type='index'
            UNION ALL
            SELECT sql
            FROM sqlite_temp_master
            WHERE name='index_votes_on_votable_id_and_votable_type_and_vote_scope' AND type='index'
[0m
  [1m[35m (0.1ms)[0m              SELECT sql
            FROM sqlite_master
            WHERE name='index_votes_on_voter_id_and_voter_type_and_vote_scope' AND type='index'
            UNION ALL
            SELECT sql
            FROM sqlite_temp_master
            WHERE name='index_votes_on_voter_id_and_voter_type_and_vote_scope' AND type='index'



Started GET "/" for ::1 at 2016-08-21 22:58:27 -0500
  [1m[36mActiveRecord::SchemaMigration Load (0.2ms)[0m  [1mSELECT "schema_migrations".* FROM "schema_migrations"[0m
Processing by PinsController#index as HTML
DEPRECATION WARNING: Currently, Active Record suppresses errors raised within `after_rollback`/`after_commit` callbacks and only print them to the logs. In the next version, these errors will no longer be suppressed. Instead, the errors will propagate normally just like in other Active Record callbacks.

You can opt into the new behavior and remove this warning by setting:

  config.active_record.raise_in_transactional_callbacks = true

 (called from <class:Pin> at /Users/andrewpitzer/Desktop/pinit/app/models/pin.rb:5)
  [1m[35mPin Load (0.3ms)[0m  SELECT "pins".* FROM "pins"  ORDER BY created_at DESC
  Rendered pins/index.html.haml within layouts/application (9.5ms)
Completed 200 OK in 4698ms (Views: 4662.0ms | ActiveRecord: 0.6ms)


Started GET "/assets/masonry/transitions.self-a7dd920491429cc09dda36f003350cf98f5cec3c45d00888fab83293dce6ce92.css?body=1" for ::1 at 2016-08-21 22:58:31 -0500


Started GET "/assets/application.self-ba7cc7056abc67b27b4cec7e2cf2f70dbeea4a3660990e3136acd60c6289d62a.css?body=1" for ::1 at 2016-08-21 22:58:31 -0500


Started GET "/assets/bootstrap/transition.self-6ad2488465135ab731a045a8ebbe3ea2fc501aed286042496eda1664fdd07ba9.js?body=1" for ::1 at 2016-08-21 22:58:32 -0500


Started GET "/assets/bootstrap/dropdown.self-561cca1cbaf67474e01e9536f106bad541594860a6df997004591c1c1957a147.js?body=1" for ::1 at 2016-08-21 22:58:32 -0500


Started GET "/assets/bootstrap/collapse.self-2eb697f62b587bb786ff940d82dd4be88cdeeaf13ca128e3da3850c5fcaec301.js?body=1" for ::1 at 2016-08-21 22:58:32 -0500


Started GET "/assets/bootstrap/modal.self-3e78617ade5663314b7ee0ea10375a5b34d59ffbade44939e3f2a4e4ef2019b3.js?body=1" for ::1 at 2016-08-21 22:58:32 -0500


Started GET "/assets/bootstrap/alert.self-742145c5bb847aafdadc6e339be795628f8bc25f177e851f03a8c42278eb0312.js?body=1" for ::1 at 2016-08-21 22:58:32 -0500


Started GET "/assets/bootstrap/tab.self-5bf7078b682f8b131332eefa46b45fa5eff2eca745fc0d03e2991450888f7c28.js?body=1" for ::1 at 2016-08-21 22:58:32 -0500


Started GET "/assets/bootstrap/button.self-126ac9bf0e7f2d8568f8da3a00fd5f0fac6eae0946331003370161fbf8d7975e.js?body=1" for ::1 at 2016-08-21 22:58:32 -0500


Started GET "/assets/bootstrap/affix.self-6d6f1a7fc5c8aabf3547fa1b794fab6268f54bc55ad815e55873c71f52513517.js?body=1" for ::1 at 2016-08-21 22:58:32 -0500


Started GET "/assets/bootstrap/carousel.self-e47323f363ceb3dc0bdbce05e36e709ed428e339833a41140a85cb0af24b8127.js?body=1" for ::1 at 2016-08-21 22:58:32 -0500


Started GET "/assets/bootstrap/scrollspy.self-969f3c5f48cdf1e439c7fa1154c13b948715f5c689f87837c0b64521d3b46ef6.js?body=1" for ::1 at 2016-08-21 22:58:32 -0500


Started GET "/assets/bootstrap/tooltip.self-05afb177e08f98997ccfc84fa08a215e4b27d48d5fe4d049080675e9dffd8199.js?body=1" for ::1 at 2016-08-21 22:58:32 -0500


Started GET "/assets/bootstrap/popover.self-0aa93860b59fe7393f1dd490f54b3cb994f9d6155adffce034d4e14ae361b041.js?body=1" for ::1 at 2016-08-21 22:58:32 -0500


Started GET "/assets/bootstrap-sprockets.self-fbfa5ad7d9aa0afe439ec4ff3883acc4cb92b62cb67c40d674320c9aa1d4642d.js?body=1" for ::1 at 2016-08-21 22:58:32 -0500


Started GET "/assets/masonry/jquery.masonry.self-e55a2ca40f0bd20129930439c10a6b8c5dd26787b41fd8427db5b9da8c2af52f.js?body=1" for ::1 at 2016-08-21 22:58:32 -0500


Started GET "/assets/pins.self-68755679ee21f68a2a14ab30434947b80d70dc96df4abd5dd2e3dbb89a7909e0.js?body=1" for ::1 at 2016-08-21 22:58:32 -0500


Started GET "/assets/application.self-f2b5b9cbe9166fcd551c3f4e3faf08edf2de70ef4a8af0731e6113582c1d1e86.js?body=1" for ::1 at 2016-08-21 22:58:32 -0500


Started GET "/favicon.ico" for ::1 at 2016-08-21 22:58:32 -0500

ActionController::RoutingError (No route matches [GET] "/favicon.ico"):
  actionpack (4.2.6) lib/action_dispatch/middleware/debug_exceptions.rb:21:in `call'
  web-console (2.3.0) lib/web_console/middleware.rb:28:in `block in call'
  web-console (2.3.0) lib/web_console/middleware.rb:18:in `catch'
  web-console (2.3.0) lib/web_console/middleware.rb:18:in `call'
  actionpack (4.2.6) lib/action_dispatch/middleware/show_exceptions.rb:30:in `call'
  railties (4.2.6) lib/rails/rack/logger.rb:38:in `call_app'
  railties (4.2.6) lib/rails/rack/logger.rb:20:in `block in call'
  activesupport (4.2.6) lib/active_support/tagged_logging.rb:68:in `block in tagged'
  activesupport (4.2.6) lib/active_support/tagged_logging.rb:26:in `tagged'
  activesupport (4.2.6) lib/active_support/tagged_logging.rb:68:in `tagged'
  railties (4.2.6) lib/rails/rack/logger.rb:20:in `call'
  actionpack (4.2.6) lib/action_dispatch/middleware/request_id.rb:21:in `call'
  rack (1.6.4) lib/rack/methodoverride.rb:22:in `call'
  rack (1.6.4) lib/rack/runtime.rb:18:in `call'
  activesupport (4.2.6) lib/active_support/cache/strategy/local_cache_middleware.rb:28:in `call'
  rack (1.6.4) lib/rack/lock.rb:17:in `call'
  actionpack (4.2.6) lib/action_dispatch/middleware/static.rb:120:in `call'
  rack (1.6.4) lib/rack/sendfile.rb:113:in `call'
  railties (4.2.6) lib/rails/engine.rb:518:in `call'
  railties (4.2.6) lib/rails/application.rb:165:in `call'
  rack (1.6.4) lib/rack/lock.rb:17:in `call'
  rack (1.6.4) lib/rack/content_length.rb:15:in `call'
  rack (1.6.4) lib/rack/handler/webrick.rb:88:in `service'
  /Users/andrewpitzer/.rbenv/versions/2.3.1/lib/ruby/2.3.0/webrick/httpserver.rb:140:in `service'
  /Users/andrewpitzer/.rbenv/versions/2.3.1/lib/ruby/2.3.0/webrick/httpserver.rb:96:in `run'
  /Users/andrewpitzer/.rbenv/versions/2.3.1/lib/ruby/2.3.0/webrick/server.rb:296:in `block in start_thread'


  Rendered /Users/andrewpitzer/.rbenv/versions/2.3.1/lib/ruby/gems/2.3.0/gems/actionpack-4.2.6/lib/action_dispatch/middleware/templates/rescues/_trace.html.erb (1.2ms)
  Rendered /Users/andrewpitzer/.rbenv/versions/2.3.1/lib/ruby/gems/2.3.0/gems/actionpack-4.2.6/lib/action_dispatch/middleware/templates/routes/_route.html.erb (2.1ms)
  Rendered /Users/andrewpitzer/.rbenv/versions/2.3.1/lib/ruby/gems/2.3.0/gems/actionpack-4.2.6/lib/action_dispatch/middleware/templates/routes/_table.html.erb (10.0ms)
  Rendered /Users/andrewpitzer/.rbenv/versions/2.3.1/lib/ruby/gems/2.3.0/gems/actionpack-4.2.6/lib/action_dispatch/middleware/templates/rescues/_request_and_response.html.erb (1.6ms)
  Rendered /Users/andrewpitzer/.rbenv/versions/2.3.1/lib/ruby/gems/2.3.0/gems/actionpack-4.2.6/lib/action_dispatch/middleware/templates/rescues/routing_error.html.erb within rescues/layout (142.8ms)
  Rendered /Users/andrewpitzer/.rbenv/versions/2.3.1/lib/ruby/gems/2.3.0/gems/web-console-2.3.0/lib/web_console/templates/_markup.html.erb (0.5ms)
  Rendered /Users/andrewpitzer/.rbenv/versions/2.3.1/lib/ruby/gems/2.3.0/gems/web-console-2.3.0/lib/web_console/templates/_inner_console_markup.html.erb within layouts/inlined_string (0.6ms)
  Rendered /Users/andrewpitzer/.rbenv/versions/2.3.1/lib/ruby/gems/2.3.0/gems/web-console-2.3.0/lib/web_console/templates/_prompt_box_markup.html.erb within layouts/inlined_string (0.3ms)
  Rendered /Users/andrewpitzer/.rbenv/versions/2.3.1/lib/ruby/gems/2.3.0/gems/web-console-2.3.0/lib/web_console/templates/style.css.erb within layouts/inlined_string (0.4ms)
  Rendered /Users/andrewpitzer/.rbenv/versions/2.3.1/lib/ruby/gems/2.3.0/gems/web-console-2.3.0/lib/web_console/templates/console.js.erb within layouts/javascript (115.2ms)
  Rendered /Users/andrewpitzer/.rbenv/versions/2.3.1/lib/ruby/gems/2.3.0/gems/web-console-2.3.0/lib/web_console/templates/main.js.erb within layouts/javascript (0.3ms)
  Rendered /Users/andrewpitzer/.rbenv/versions/2.3.1/lib/ruby/gems/2.3.0/gems/web-console-2.3.0/lib/web_console/templates/error_page.js.erb within layouts/javascript (0.6ms)
  Rendered /Users/andrewpitzer/.rbenv/versions/2.3.1/lib/ruby/gems/2.3.0/gems/web-console-2.3.0/lib/web_console/templates/index.html.erb (216.1ms)


Started GET "/users/sign_up" for ::1 at 2016-08-21 22:58:51 -0500
Processing by Devise::RegistrationsController#new as HTML
  Rendered devise/shared/_links.erb (1.9ms)
  Rendered devise/registrations/new.html.erb within layouts/application (26.1ms)
Completed 200 OK in 97ms (Views: 87.6ms | ActiveRecord: 0.5ms)


Started POST "/users" for ::1 at 2016-08-21 22:59:17 -0500
Processing by Devise::RegistrationsController#create as HTML
  Parameters: {"utf8"=>"✓", "authenticity_token"=>"rVpqCaDakz0R7viVctuAG4FToOCrs0tnk3vFzAY9DsUI2LtLfP79JGo/qDpWSS5E2dlAwYgqYlqR/luyIs61Hg==", "user"=>{"email"=>"pitzerdesigns@gmail.com", "password"=>"[FILTERED]", "password_confirmation"=>"[FILTERED]"}, "commit"=>"Sign up"}
  [1m[36m (0.1ms)[0m  [1mbegin transaction[0m
  [1m[35mUser Exists (0.2ms)[0m  SELECT  1 AS one FROM "users" WHERE "users"."email" = 'pitzerdesigns@gmail.com' LIMIT 1
  [1m[36mSQL (0.4ms)[0m  [1mINSERT INTO "users" ("email", "encrypted_password", "created_at", "updated_at") VALUES (?, ?, ?, ?)[0m  [["email", "pitzerdesigns@gmail.com"], ["encrypted_password", "$2a$10$agW1oY3UhIAzz8AdE7bqNelSb1FlXydAJSb1853VWE5aIYd/IPcFi"], ["created_at", "2016-08-22 03:59:17.659823"], ["updated_at", "2016-08-22 03:59:17.659823"]]
  [1m[35m (5.6ms)[0m  commit transaction
  [1m[36m (0.1ms)[0m  [1mbegin transaction[0m
  [1m[35mSQL (0.5ms)[0m  UPDATE "users" SET "last_sign_in_at" = ?, "current_sign_in_at" = ?, "last_sign_in_ip" = ?, "current_sign_in_ip" = ?, "sign_in_count" = ?, "updated_at" = ? WHERE "users"."id" = ?  [["last_sign_in_at", "2016-08-22 03:59:17.669399"], ["current_sign_in_at", "2016-08-22 03:59:17.669399"], ["last_sign_in_ip", "::1"], ["current_sign_in_ip", "::1"], ["sign_in_count", 1], ["updated_at", "2016-08-22 03:59:17.670758"], ["id", 1]]
  [1m[36m (2.7ms)[0m  [1mcommit transaction[0m
Redirected to http://localhost:3000/
Completed 302 Found in 202ms (ActiveRecord: 9.6ms)


Started GET "/" for ::1 at 2016-08-21 22:59:17 -0500
Processing by PinsController#index as HTML
  [1m[35mPin Load (0.1ms)[0m  SELECT "pins".* FROM "pins"  ORDER BY created_at DESC
  Rendered pins/index.html.haml within layouts/application (0.7ms)
  [1m[36mUser Load (0.2ms)[0m  [1mSELECT  "users".* FROM "users" WHERE "users"."id" = ?  ORDER BY "users"."id" ASC LIMIT 1[0m  [["id", 1]]
Completed 200 OK in 54ms (Views: 53.1ms | ActiveRecord: 0.3ms)


Started GET "/pins/new" for ::1 at 2016-08-21 22:59:21 -0500
Processing by PinsController#new as HTML
  [1m[35mUser Load (0.1ms)[0m  SELECT  "users".* FROM "users" WHERE "users"."id" = ?  ORDER BY "users"."id" ASC LIMIT 1  [["id", 1]]
  Rendered pins/_form.html.haml (189.8ms)
  Rendered pins/new.html.haml within layouts/application (194.9ms)
Completed 200 OK in 312ms (Views: 256.8ms | ActiveRecord: 0.3ms)


Started POST "/pins" for ::1 at 2016-08-21 23:00:33 -0500
Processing by PinsController#create as HTML
  Parameters: {"utf8"=>"✓", "authenticity_token"=>"bM3jrQtbnDT+3QbikLqqAqQih2umegHtMHabPO6ZSwLJTzLv13/yLYUMVk20KARd/KhnSoXjKNAy8wVCymrw2Q==", "pin"=>{"image"=>#<ActionDispatch::Http::UploadedFile:0x007fd2ed331360 @tempfile=#<Tempfile:/var/folders/mx/8lg3wzpn453dzb10t4kq76bh0000gn/T/RackMultipart20160821-1384-9i2y13.png>, @original_filename="8bit-large.png", @content_type="image/png", @headers="Content-Disposition: form-data; name=\"pin[image]\"; filename=\"8bit-large.png\"\r\nContent-Type: image/png\r\n">, "title"=>"8 bit studio", "description"=>"\r\n \r\nLorem ipsum dolor sit amet, consectetuer adipiscing elit, sed diam nonummy nibh euismod tincidunt ut laoreet dolore magna aliquam erat volutpat. Ut wisi enim ad minim veniam, quis nostrud exerci tation ullamcorper suscipit lobortis nisl ut aliquip ex ea commodo consequat. Duis autem vel eum iriure dolor in hendrerit in vulputate velit esse molestie consequat, vel illum dolore eu feugiat nulla facilisis at vero eros et accumsan et iusto odio dignissim qui blandit praesent luptatum zzril delenit augue duis dolore te feugait nulla facilisi. Nam liber tempor cum soluta nobis eleifend option congue nihil imperdiet doming id quod mazim placerat facer possim assum. Typi non habent claritatem insitam; est usus legentis in iis qui facit eorum claritatem. Investigationes demonstraverunt lectores legere me lius quod ii legunt saepius. Claritas est etiam processus dynamicus, qui sequitur mutationem consuetudium lectorum. Mirum est notare quam littera gothica, quam nunc putamus parum claram, anteposuerit litterarum formas humanitatis per seacula quarta decima et quinta decima. Eodem modo typi, qui nunc nobis videntur parum clari, fiant sollemnes in futurum."}, "commit"=>"Create Pin"}
  [1m[36mUser Load (0.1ms)[0m  [1mSELECT  "users".* FROM "users" WHERE "users"."id" = ?  ORDER BY "users"."id" ASC LIMIT 1[0m  [["id", 1]]
Command :: file -b --mime '/var/folders/mx/8lg3wzpn453dzb10t4kq76bh0000gn/T/287ae7c324df6b466b1056e0ef22d5c820160821-1384-rbj0iy.png'
Command :: identify -format '%wx%h,%[exif:orientation]' '/var/folders/mx/8lg3wzpn453dzb10t4kq76bh0000gn/T/287ae7c324df6b466b1056e0ef22d5c820160821-1384-1yt12uy.png[0]' 2>/dev/null
Completed 500 Internal Server Error in 42ms (ActiveRecord: 0.1ms)

Paperclip::Errors::CommandNotFoundError (Could not run the `identify` command. Please install ImageMagick.):
  app/controllers/pins_controller.rb:17:in `create'


  Rendered /Users/andrewpitzer/.rbenv/versions/2.3.1/lib/ruby/gems/2.3.0/gems/actionpack-4.2.6/lib/action_dispatch/middleware/templates/rescues/_source.erb (6.6ms)
  Rendered /Users/andrewpitzer/.rbenv/versions/2.3.1/lib/ruby/gems/2.3.0/gems/actionpack-4.2.6/lib/action_dispatch/middleware/templates/rescues/_trace.html.erb (3.7ms)
  Rendered /Users/andrewpitzer/.rbenv/versions/2.3.1/lib/ruby/gems/2.3.0/gems/actionpack-4.2.6/lib/action_dispatch/middleware/templates/rescues/_request_and_response.html.erb (1.1ms)
  Rendered /Users/andrewpitzer/.rbenv/versions/2.3.1/lib/ruby/gems/2.3.0/gems/actionpack-4.2.6/lib/action_dispatch/middleware/templates/rescues/diagnostics.html.erb within rescues/layout (81.8ms)
  Rendered /Users/andrewpitzer/.rbenv/versions/2.3.1/lib/ruby/gems/2.3.0/gems/web-console-2.3.0/lib/web_console/templates/_markup.html.erb (0.7ms)
  Rendered /Users/andrewpitzer/.rbenv/versions/2.3.1/lib/ruby/gems/2.3.0/gems/web-console-2.3.0/lib/web_console/templates/_inner_console_markup.html.erb within layouts/inlined_string (0.3ms)
  Rendered /Users/andrewpitzer/.rbenv/versions/2.3.1/lib/ruby/gems/2.3.0/gems/web-console-2.3.0/lib/web_console/templates/_prompt_box_markup.html.erb within layouts/inlined_string (0.6ms)
  Rendered /Users/andrewpitzer/.rbenv/versions/2.3.1/lib/ruby/gems/2.3.0/gems/web-console-2.3.0/lib/web_console/templates/style.css.erb within layouts/inlined_string (0.4ms)
  Rendered /Users/andrewpitzer/.rbenv/versions/2.3.1/lib/ruby/gems/2.3.0/gems/web-console-2.3.0/lib/web_console/templates/console.js.erb within layouts/javascript (65.4ms)
  Rendered /Users/andrewpitzer/.rbenv/versions/2.3.1/lib/ruby/gems/2.3.0/gems/web-console-2.3.0/lib/web_console/templates/main.js.erb within layouts/javascript (0.3ms)
  Rendered /Users/andrewpitzer/.rbenv/versions/2.3.1/lib/ruby/gems/2.3.0/gems/web-console-2.3.0/lib/web_console/templates/error_page.js.erb within layouts/javascript (0.5ms)
  Rendered /Users/andrewpitzer/.rbenv/versions/2.3.1/lib/ruby/gems/2.3.0/gems/web-console-2.3.0/lib/web_console/templates/index.html.erb (143.8ms)


Started POST "/pins" for ::1 at 2016-08-21 23:02:31 -0500
  [1m[36mActiveRecord::SchemaMigration Load (0.3ms)[0m  [1mSELECT "schema_migrations".* FROM "schema_migrations"[0m
Processing by PinsController#create as HTML
  Parameters: {"utf8"=>"✓", "authenticity_token"=>"bM3jrQtbnDT+3QbikLqqAqQih2umegHtMHabPO6ZSwLJTzLv13/yLYUMVk20KARd/KhnSoXjKNAy8wVCymrw2Q==", "pin"=>{"image"=>#<ActionDispatch::Http::UploadedFile:0x007fcceb2b7298 @tempfile=#<Tempfile:/var/folders/mx/8lg3wzpn453dzb10t4kq76bh0000gn/T/RackMultipart20160821-1427-1lbr4gu.png>, @original_filename="8bit-large.png", @content_type="image/png", @headers="Content-Disposition: form-data; name=\"pin[image]\"; filename=\"8bit-large.png\"\r\nContent-Type: image/png\r\n">, "title"=>"8 bit studio", "description"=>"\r\n \r\nLorem ipsum dolor sit amet, consectetuer adipiscing elit, sed diam nonummy nibh euismod tincidunt ut laoreet dolore magna aliquam erat volutpat. Ut wisi enim ad minim veniam, quis nostrud exerci tation ullamcorper suscipit lobortis nisl ut aliquip ex ea commodo consequat. Duis autem vel eum iriure dolor in hendrerit in vulputate velit esse molestie consequat, vel illum dolore eu feugiat nulla facilisis at vero eros et accumsan et iusto odio dignissim qui blandit praesent luptatum zzril delenit augue duis dolore te feugait nulla facilisi. Nam liber tempor cum soluta nobis eleifend option congue nihil imperdiet doming id quod mazim placerat facer possim assum. Typi non habent claritatem insitam; est usus legentis in iis qui facit eorum claritatem. Investigationes demonstraverunt lectores legere me lius quod ii legunt saepius. Claritas est etiam processus dynamicus, qui sequitur mutationem consuetudium lectorum. Mirum est notare quam littera gothica, quam nunc putamus parum claram, anteposuerit litterarum formas humanitatis per seacula quarta decima et quinta decima. Eodem modo typi, qui nunc nobis videntur parum clari, fiant sollemnes in futurum."}, "commit"=>"Create Pin"}
  [1m[35mUser Load (0.2ms)[0m  SELECT  "users".* FROM "users" WHERE "users"."id" = ?  ORDER BY "users"."id" ASC LIMIT 1  [["id", 1]]
DEPRECATION WARNING: Currently, Active Record suppresses errors raised within `after_rollback`/`after_commit` callbacks and only print them to the logs. In the next version, these errors will no longer be suppressed. Instead, the errors will propagate normally just like in other Active Record callbacks.

You can opt into the new behavior and remove this warning by setting:

  config.active_record.raise_in_transactional_callbacks = true

 (called from <class:Pin> at /Users/andrewpitzer/Desktop/pinit/app/models/pin.rb:5)
Command :: file -b --mime '/var/folders/mx/8lg3wzpn453dzb10t4kq76bh0000gn/T/287ae7c324df6b466b1056e0ef22d5c820160821-1427-1k03fbn.png'
Command :: identify -format '%wx%h,%[exif:orientation]' '/var/folders/mx/8lg3wzpn453dzb10t4kq76bh0000gn/T/287ae7c324df6b466b1056e0ef22d5c820160821-1427-131guxd.png[0]' 2>/dev/null
Completed 500 Internal Server Error in 83ms (ActiveRecord: 0.8ms)

Paperclip::Errors::CommandNotFoundError (Could not run the `identify` command. Please install ImageMagick.):
  app/controllers/pins_controller.rb:17:in `create'


  Rendered /Users/andrewpitzer/.rbenv/versions/2.3.1/lib/ruby/gems/2.3.0/gems/actionpack-4.2.6/lib/action_dispatch/middleware/templates/rescues/_source.erb (9.7ms)
  Rendered /Users/andrewpitzer/.rbenv/versions/2.3.1/lib/ruby/gems/2.3.0/gems/actionpack-4.2.6/lib/action_dispatch/middleware/templates/rescues/_trace.html.erb (2.5ms)
  Rendered /Users/andrewpitzer/.rbenv/versions/2.3.1/lib/ruby/gems/2.3.0/gems/actionpack-4.2.6/lib/action_dispatch/middleware/templates/rescues/_request_and_response.html.erb (1.0ms)
  Rendered /Users/andrewpitzer/.rbenv/versions/2.3.1/lib/ruby/gems/2.3.0/gems/actionpack-4.2.6/lib/action_dispatch/middleware/templates/rescues/diagnostics.html.erb within rescues/layout (84.2ms)
  Rendered /Users/andrewpitzer/.rbenv/versions/2.3.1/lib/ruby/gems/2.3.0/gems/web-console-2.3.0/lib/web_console/templates/_markup.html.erb (0.5ms)
  Rendered /Users/andrewpitzer/.rbenv/versions/2.3.1/lib/ruby/gems/2.3.0/gems/web-console-2.3.0/lib/web_console/templates/_inner_console_markup.html.erb within layouts/inlined_string (0.3ms)
  Rendered /Users/andrewpitzer/.rbenv/versions/2.3.1/lib/ruby/gems/2.3.0/gems/web-console-2.3.0/lib/web_console/templates/_prompt_box_markup.html.erb within layouts/inlined_string (0.3ms)
  Rendered /Users/andrewpitzer/.rbenv/versions/2.3.1/lib/ruby/gems/2.3.0/gems/web-console-2.3.0/lib/web_console/templates/style.css.erb within layouts/inlined_string (0.5ms)
  Rendered /Users/andrewpitzer/.rbenv/versions/2.3.1/lib/ruby/gems/2.3.0/gems/web-console-2.3.0/lib/web_console/templates/console.js.erb within layouts/javascript (79.5ms)
  Rendered /Users/andrewpitzer/.rbenv/versions/2.3.1/lib/ruby/gems/2.3.0/gems/web-console-2.3.0/lib/web_console/templates/main.js.erb within layouts/javascript (0.3ms)
  Rendered /Users/andrewpitzer/.rbenv/versions/2.3.1/lib/ruby/gems/2.3.0/gems/web-console-2.3.0/lib/web_console/templates/error_page.js.erb within layouts/javascript (1.0ms)
  Rendered /Users/andrewpitzer/.rbenv/versions/2.3.1/lib/ruby/gems/2.3.0/gems/web-console-2.3.0/lib/web_console/templates/index.html.erb (166.3ms)


Started GET "/" for ::1 at 2016-08-21 23:02:39 -0500
Processing by PinsController#index as HTML
  [1m[36mPin Load (0.2ms)[0m  [1mSELECT "pins".* FROM "pins"  ORDER BY created_at DESC[0m
  Rendered pins/index.html.haml within layouts/application (2.3ms)
  [1m[35mUser Load (0.2ms)[0m  SELECT  "users".* FROM "users" WHERE "users"."id" = ?  ORDER BY "users"."id" ASC LIMIT 1  [["id", 1]]
Completed 200 OK in 329ms (Views: 327.7ms | ActiveRecord: 0.3ms)


Started GET "/pins/new" for ::1 at 2016-08-21 23:02:42 -0500
Processing by PinsController#new as HTML
  [1m[36mUser Load (0.2ms)[0m  [1mSELECT  "users".* FROM "users" WHERE "users"."id" = ?  ORDER BY "users"."id" ASC LIMIT 1[0m  [["id", 1]]
  Rendered pins/_form.html.haml (36.2ms)
  Rendered pins/new.html.haml within layouts/application (38.9ms)
Completed 200 OK in 117ms (Views: 109.3ms | ActiveRecord: 0.2ms)


Started POST "/pins" for ::1 at 2016-08-21 23:03:09 -0500
Processing by PinsController#create as HTML
  Parameters: {"utf8"=>"✓", "authenticity_token"=>"hzax5XeoO5UpxV1M/gbu4YDwLj61Pwy/Gj9472Mr/uMitGCnq4xVjFIUDePalEC+2HrOH5amJYIYuuaRR9hFOA==", "pin"=>{"image"=>#<ActionDispatch::Http::UploadedFile:0x007fcceac00558 @tempfile=#<Tempfile:/var/folders/mx/8lg3wzpn453dzb10t4kq76bh0000gn/T/RackMultipart20160821-1427-1w95afz.png>, @original_filename="8bit-large.png", @content_type="image/png", @headers="Content-Disposition: form-data; name=\"pin[image]\"; filename=\"8bit-large.png\"\r\nContent-Type: image/png\r\n">, "title"=>"8 bit studio", "description"=>"\r\n \r\nLorem ipsum dolor sit amet, consectetuer adipiscing elit, sed diam nonummy nibh euismod tincidunt ut laoreet dolore magna aliquam erat volutpat. Ut wisi enim ad minim veniam, quis nostrud exerci tation ullamcorper suscipit lobortis nisl ut aliquip ex ea commodo consequat. Duis autem vel eum iriure dolor in hendrerit in vulputate velit esse molestie consequat, vel illum dolore eu feugiat nulla facilisis at vero eros et accumsan et iusto odio dignissim qui blandit praesent luptatum zzril delenit augue duis dolore te feugait nulla facilisi. Nam liber tempor cum soluta nobis eleifend option congue nihil imperdiet doming id quod mazim placerat facer possim assum. Typi non habent claritatem insitam; est usus legentis in iis qui facit eorum claritatem. Investigationes demonstraverunt lectores legere me lius quod ii legunt saepius. Claritas est etiam processus dynamicus, qui sequitur mutationem consuetudium lectorum. Mirum est notare quam littera gothica, quam nunc putamus parum claram, anteposuerit litterarum formas humanitatis per seacula quarta decima et quinta decima. Eodem modo typi, qui nunc nobis videntur parum clari, fiant sollemnes in futurum."}, "commit"=>"Create Pin"}
  [1m[35mUser Load (0.1ms)[0m  SELECT  "users".* FROM "users" WHERE "users"."id" = ?  ORDER BY "users"."id" ASC LIMIT 1  [["id", 1]]
Command :: file -b --mime '/var/folders/mx/8lg3wzpn453dzb10t4kq76bh0000gn/T/287ae7c324df6b466b1056e0ef22d5c820160821-1427-3peabx.png'
Command :: identify -format '%wx%h,%[exif:orientation]' '/var/folders/mx/8lg3wzpn453dzb10t4kq76bh0000gn/T/287ae7c324df6b466b1056e0ef22d5c820160821-1427-ljsb45.png[0]' 2>/dev/null
Completed 500 Internal Server Error in 27ms (ActiveRecord: 0.1ms)

Paperclip::Errors::CommandNotFoundError (Could not run the `identify` command. Please install ImageMagick.):
  app/controllers/pins_controller.rb:17:in `create'


  Rendered /Users/andrewpitzer/.rbenv/versions/2.3.1/lib/ruby/gems/2.3.0/gems/actionpack-4.2.6/lib/action_dispatch/middleware/templates/rescues/_source.erb (9.4ms)
  Rendered /Users/andrewpitzer/.rbenv/versions/2.3.1/lib/ruby/gems/2.3.0/gems/actionpack-4.2.6/lib/action_dispatch/middleware/templates/rescues/_trace.html.erb (3.3ms)
  Rendered /Users/andrewpitzer/.rbenv/versions/2.3.1/lib/ruby/gems/2.3.0/gems/actionpack-4.2.6/lib/action_dispatch/middleware/templates/rescues/_request_and_response.html.erb (1.0ms)
  Rendered /Users/andrewpitzer/.rbenv/versions/2.3.1/lib/ruby/gems/2.3.0/gems/actionpack-4.2.6/lib/action_dispatch/middleware/templates/rescues/diagnostics.html.erb within rescues/layout (80.8ms)
  Rendered /Users/andrewpitzer/.rbenv/versions/2.3.1/lib/ruby/gems/2.3.0/gems/web-console-2.3.0/lib/web_console/templates/_markup.html.erb (0.4ms)
  Rendered /Users/andrewpitzer/.rbenv/versions/2.3.1/lib/ruby/gems/2.3.0/gems/web-console-2.3.0/lib/web_console/templates/_inner_console_markup.html.erb within layouts/inlined_string (0.3ms)
  Rendered /Users/andrewpitzer/.rbenv/versions/2.3.1/lib/ruby/gems/2.3.0/gems/web-console-2.3.0/lib/web_console/templates/_prompt_box_markup.html.erb within layouts/inlined_string (0.3ms)
  Rendered /Users/andrewpitzer/.rbenv/versions/2.3.1/lib/ruby/gems/2.3.0/gems/web-console-2.3.0/lib/web_console/templates/style.css.erb within layouts/inlined_string (0.3ms)
  Rendered /Users/andrewpitzer/.rbenv/versions/2.3.1/lib/ruby/gems/2.3.0/gems/web-console-2.3.0/lib/web_console/templates/console.js.erb within layouts/javascript (62.3ms)
  Rendered /Users/andrewpitzer/.rbenv/versions/2.3.1/lib/ruby/gems/2.3.0/gems/web-console-2.3.0/lib/web_console/templates/main.js.erb within layouts/javascript (0.3ms)
  Rendered /Users/andrewpitzer/.rbenv/versions/2.3.1/lib/ruby/gems/2.3.0/gems/web-console-2.3.0/lib/web_console/templates/error_page.js.erb within layouts/javascript (0.4ms)
  Rendered /Users/andrewpitzer/.rbenv/versions/2.3.1/lib/ruby/gems/2.3.0/gems/web-console-2.3.0/lib/web_console/templates/index.html.erb (136.1ms)
  [1m[36mActiveRecord::SchemaMigration Load (0.1ms)[0m  [1mSELECT "schema_migrations".* FROM "schema_migrations"[0m
  [1m[35mActiveRecord::SchemaMigration Load (0.1ms)[0m  SELECT "schema_migrations".* FROM "schema_migrations"
  [1m[36m (0.1ms)[0m  [1m            SELECT sql
            FROM sqlite_master
            WHERE name='index_pins_on_user_id' AND type='index'
            UNION ALL
            SELECT sql
            FROM sqlite_temp_master
            WHERE name='index_pins_on_user_id' AND type='index'
[0m
  [1m[35m (0.1ms)[0m              SELECT sql
            FROM sqlite_master
            WHERE name='index_users_on_reset_password_token' AND type='index'
            UNION ALL
            SELECT sql
            FROM sqlite_temp_master
            WHERE name='index_users_on_reset_password_token' AND type='index'

  [1m[36m (0.1ms)[0m  [1m            SELECT sql
            FROM sqlite_master
            WHERE name='index_users_on_email' AND type='index'
            UNION ALL
            SELECT sql
            FROM sqlite_temp_master
            WHERE name='index_users_on_email' AND type='index'
[0m
  [1m[35m (0.1ms)[0m              SELECT sql
            FROM sqlite_master
            WHERE name='index_votes_on_votable_id_and_votable_type_and_vote_scope' AND type='index'
            UNION ALL
            SELECT sql
            FROM sqlite_temp_master
            WHERE name='index_votes_on_votable_id_and_votable_type_and_vote_scope' AND type='index'

  [1m[36m (0.1ms)[0m  [1m            SELECT sql
            FROM sqlite_master
            WHERE name='index_votes_on_voter_id_and_voter_type_and_vote_scope' AND type='index'
            UNION ALL
            SELECT sql
            FROM sqlite_temp_master
            WHERE name='index_votes_on_voter_id_and_voter_type_and_vote_scope' AND type='index'
[0m


Started POST "/pins" for ::1 at 2016-08-21 23:08:09 -0500
  [1m[36mActiveRecord::SchemaMigration Load (0.1ms)[0m  [1mSELECT "schema_migrations".* FROM "schema_migrations"[0m
Processing by PinsController#create as HTML
  Parameters: {"utf8"=>"✓", "authenticity_token"=>"hzax5XeoO5UpxV1M/gbu4YDwLj61Pwy/Gj9472Mr/uMitGCnq4xVjFIUDePalEC+2HrOH5amJYIYuuaRR9hFOA==", "pin"=>{"image"=>#<ActionDispatch::Http::UploadedFile:0x007fb9bc2c5ad8 @tempfile=#<Tempfile:/var/folders/mx/8lg3wzpn453dzb10t4kq76bh0000gn/T/RackMultipart20160821-1463-sel9f4.png>, @original_filename="8bit-large.png", @content_type="image/png", @headers="Content-Disposition: form-data; name=\"pin[image]\"; filename=\"8bit-large.png\"\r\nContent-Type: image/png\r\n">, "title"=>"8 bit studio", "description"=>"\r\n \r\nLorem ipsum dolor sit amet, consectetuer adipiscing elit, sed diam nonummy nibh euismod tincidunt ut laoreet dolore magna aliquam erat volutpat. Ut wisi enim ad minim veniam, quis nostrud exerci tation ullamcorper suscipit lobortis nisl ut aliquip ex ea commodo consequat. Duis autem vel eum iriure dolor in hendrerit in vulputate velit esse molestie consequat, vel illum dolore eu feugiat nulla facilisis at vero eros et accumsan et iusto odio dignissim qui blandit praesent luptatum zzril delenit augue duis dolore te feugait nulla facilisi. Nam liber tempor cum soluta nobis eleifend option congue nihil imperdiet doming id quod mazim placerat facer possim assum. Typi non habent claritatem insitam; est usus legentis in iis qui facit eorum claritatem. Investigationes demonstraverunt lectores legere me lius quod ii legunt saepius. Claritas est etiam processus dynamicus, qui sequitur mutationem consuetudium lectorum. Mirum est notare quam littera gothica, quam nunc putamus parum claram, anteposuerit litterarum formas humanitatis per seacula quarta decima et quinta decima. Eodem modo typi, qui nunc nobis videntur parum clari, fiant sollemnes in futurum."}, "commit"=>"Create Pin"}
  [1m[35mUser Load (0.3ms)[0m  SELECT  "users".* FROM "users" WHERE "users"."id" = ?  ORDER BY "users"."id" ASC LIMIT 1  [["id", 1]]
DEPRECATION WARNING: Currently, Active Record suppresses errors raised within `after_rollback`/`after_commit` callbacks and only print them to the logs. In the next version, these errors will no longer be suppressed. Instead, the errors will propagate normally just like in other Active Record callbacks.

You can opt into the new behavior and remove this warning by setting:

  config.active_record.raise_in_transactional_callbacks = true

 (called from <class:Pin> at /Users/andrewpitzer/Desktop/pinit/app/models/pin.rb:5)
Completed 500 Internal Server Error in 69ms (ActiveRecord: 0.8ms)

NameError (undefined local variable or method `pin' for #<PinsController:0x007fb9bc2dd6d8>
Did you mean?  print):
  app/controllers/pins_controller.rb:17:in `create'


  Rendered /Users/andrewpitzer/.rbenv/versions/2.3.1/lib/ruby/gems/2.3.0/gems/actionpack-4.2.6/lib/action_dispatch/middleware/templates/rescues/_source.erb (4.8ms)
  Rendered /Users/andrewpitzer/.rbenv/versions/2.3.1/lib/ruby/gems/2.3.0/gems/actionpack-4.2.6/lib/action_dispatch/middleware/templates/rescues/_trace.html.erb (2.9ms)
  Rendered /Users/andrewpitzer/.rbenv/versions/2.3.1/lib/ruby/gems/2.3.0/gems/actionpack-4.2.6/lib/action_dispatch/middleware/templates/rescues/_request_and_response.html.erb (1.3ms)
  Rendered /Users/andrewpitzer/.rbenv/versions/2.3.1/lib/ruby/gems/2.3.0/gems/actionpack-4.2.6/lib/action_dispatch/middleware/templates/rescues/diagnostics.html.erb within rescues/layout (80.4ms)
  Rendered /Users/andrewpitzer/.rbenv/versions/2.3.1/lib/ruby/gems/2.3.0/gems/web-console-2.3.0/lib/web_console/templates/_markup.html.erb (0.5ms)
  Rendered /Users/andrewpitzer/.rbenv/versions/2.3.1/lib/ruby/gems/2.3.0/gems/web-console-2.3.0/lib/web_console/templates/_inner_console_markup.html.erb within layouts/inlined_string (0.4ms)
  Rendered /Users/andrewpitzer/.rbenv/versions/2.3.1/lib/ruby/gems/2.3.0/gems/web-console-2.3.0/lib/web_console/templates/_prompt_box_markup.html.erb within layouts/inlined_string (0.3ms)
  Rendered /Users/andrewpitzer/.rbenv/versions/2.3.1/lib/ruby/gems/2.3.0/gems/web-console-2.3.0/lib/web_console/templates/style.css.erb within layouts/inlined_string (0.4ms)
  Rendered /Users/andrewpitzer/.rbenv/versions/2.3.1/lib/ruby/gems/2.3.0/gems/web-console-2.3.0/lib/web_console/templates/console.js.erb within layouts/javascript (76.9ms)
  Rendered /Users/andrewpitzer/.rbenv/versions/2.3.1/lib/ruby/gems/2.3.0/gems/web-console-2.3.0/lib/web_console/templates/main.js.erb within layouts/javascript (0.3ms)
  Rendered /Users/andrewpitzer/.rbenv/versions/2.3.1/lib/ruby/gems/2.3.0/gems/web-console-2.3.0/lib/web_console/templates/error_page.js.erb within layouts/javascript (0.8ms)
  Rendered /Users/andrewpitzer/.rbenv/versions/2.3.1/lib/ruby/gems/2.3.0/gems/web-console-2.3.0/lib/web_console/templates/index.html.erb (159.4ms)
